2019-12-12 10:58:26,624 [INFO] from play.api.db.DefaultDBApi in play-dev-mode-akka.actor.default-dispatcher-7 - Database [default] initialized at jdbc:postgresql://127.0.0.1/restomatic
2019-12-12 10:58:26,632 [INFO] from application in play-dev-mode-akka.actor.default-dispatcher-7 - Creating Pool for datasource 'default'
2019-12-12 10:58:27,675 [INFO] from play.api.http.EnabledFilters in play-dev-mode-akka.actor.default-dispatcher-7 - Enabled Filters (see <https://www.playframework.com/documentation/latest/Filters>):


2019-12-12 10:58:27,744 [INFO] from play.api.Play in play-dev-mode-akka.actor.default-dispatcher-7 - Application started (Dev) (no global state)
2019-12-12 11:05:54,055 [ERROR] from application in play-dev-mode-akka.actor.default-dispatcher-13 - 

! @7e644hiii - Internal server error, for (GET) [/] ->
 
play.sbt.PlayExceptions$CompilationException: Compilation error[value map is not a member of Boolean]
	at play.sbt.PlayExceptions$CompilationException$.apply(PlayExceptions.scala:37)
	at play.sbt.PlayExceptions$CompilationException$.apply(PlayExceptions.scala:37)
	at scala.Option.map(Option.scala:230)
	at play.sbt.run.PlayReload$.$anonfun$taskFailureHandler$1(PlayReload.scala:41)
	at scala.Option.map(Option.scala:230)
	at play.sbt.run.PlayReload$.taskFailureHandler(PlayReload.scala:36)
	at play.sbt.run.PlayReload$.compileFailure(PlayReload.scala:29)
	at play.sbt.run.PlayReload$.$anonfun$compile$3(PlayReload.scala:64)
	at scala.util.Either$LeftProjection.map(Either.scala:573)
	at play.sbt.run.PlayReload$.compile(PlayReload.scala:64)
	at play.sbt.run.PlayRun$.$anonfun$playRunTask$4(PlayRun.scala:80)
	at play.runsupport.Reloader.$anonfun$reload$1(Reloader.scala:501)
	at play.runsupport.Reloader$$anon$1.run(Reloader.scala:58)
	at java.security.AccessController.doPrivileged(Native Method)
	at play.runsupport.Reloader$.play$runsupport$Reloader$$withReloaderContextClassLoader(Reloader.scala:64)
	at play.runsupport.Reloader.reload(Reloader.scala:501)
	at play.core.server.DevServerStart$$anon$1.get(DevServerStart.scala:143)
	at play.core.server.AkkaHttpServer.handleRequest(AkkaHttpServer.scala:304)
	at play.core.server.AkkaHttpServer.$anonfun$createServerBinding$1(AkkaHttpServer.scala:189)
	at akka.stream.impl.fusing.MapAsync$$anon$30.onPush(Ops.scala:1261)
	at akka.stream.impl.fusing.GraphInterpreter.processPush(GraphInterpreter.scala:523)
	at akka.stream.impl.fusing.GraphInterpreter.execute(GraphInterpreter.scala:409)
	at akka.stream.impl.fusing.GraphInterpreterShell.runBatch(ActorGraphInterpreter.scala:606)
	at akka.stream.impl.fusing.GraphInterpreterShell$AsyncInput.execute(ActorGraphInterpreter.scala:485)
	at akka.stream.impl.fusing.GraphInterpreterShell.processEvent(ActorGraphInterpreter.scala:581)
	at akka.stream.impl.fusing.ActorGraphInterpreter.akka$stream$impl$fusing$ActorGraphInterpreter$$processEvent(ActorGraphInterpreter.scala:749)
	at akka.stream.impl.fusing.ActorGraphInterpreter$$anonfun$receive$1.applyOrElse(ActorGraphInterpreter.scala:764)
	at akka.actor.Actor.aroundReceive(Actor.scala:539)
	at akka.actor.Actor.aroundReceive$(Actor.scala:537)
	at akka.stream.impl.fusing.ActorGraphInterpreter.aroundReceive(ActorGraphInterpreter.scala:671)
	at akka.actor.ActorCell.receiveMessage(ActorCell.scala:612)
	at akka.actor.ActorCell.invoke(ActorCell.scala:581)
	at akka.dispatch.Mailbox.processMailbox(Mailbox.scala:268)
	at akka.dispatch.Mailbox.run(Mailbox.scala:229)
	at akka.dispatch.Mailbox.exec(Mailbox.scala:241)
	at akka.dispatch.forkjoin.ForkJoinTask.doExec(ForkJoinTask.java:260)
	at akka.dispatch.forkjoin.ForkJoinPool$WorkQueue.runTask(ForkJoinPool.java:1339)
	at akka.dispatch.forkjoin.ForkJoinPool.runWorker(ForkJoinPool.java:1979)
	at akka.dispatch.forkjoin.ForkJoinWorkerThread.run(ForkJoinWorkerThread.java:107)
2019-12-12 11:12:27,286 [INFO] from application in application-akka.actor.default-dispatcher-8 - Shutting down connection pool.
2019-12-12 11:12:27,432 [INFO] from play.api.db.DefaultDBApi in play-dev-mode-akka.actor.default-dispatcher-15 - Database [default] initialized at jdbc:postgresql://127.0.0.1/restomatic
2019-12-12 11:12:27,432 [INFO] from application in play-dev-mode-akka.actor.default-dispatcher-15 - Creating Pool for datasource 'default'
2019-12-12 11:12:27,542 [INFO] from play.api.http.EnabledFilters in play-dev-mode-akka.actor.default-dispatcher-15 - Enabled Filters (see <https://www.playframework.com/documentation/latest/Filters>):


2019-12-12 11:12:27,679 [INFO] from play.api.Play in play-dev-mode-akka.actor.default-dispatcher-15 - Application started (Dev) (no global state)
2019-12-12 11:14:00,154 [INFO] from application in application-akka.actor.default-dispatcher-11 - Shutting down connection pool.
2019-12-12 11:14:00,285 [INFO] from play.api.db.DefaultDBApi in play-dev-mode-akka.actor.default-dispatcher-24 - Database [default] initialized at jdbc:postgresql://127.0.0.1/restomatic
2019-12-12 11:14:00,285 [INFO] from application in play-dev-mode-akka.actor.default-dispatcher-24 - Creating Pool for datasource 'default'
2019-12-12 11:14:00,389 [INFO] from play.api.http.EnabledFilters in play-dev-mode-akka.actor.default-dispatcher-24 - Enabled Filters (see <https://www.playframework.com/documentation/latest/Filters>):


2019-12-12 11:14:00,456 [INFO] from play.api.Play in play-dev-mode-akka.actor.default-dispatcher-24 - Application started (Dev) (no global state)
2019-12-12 11:18:58,419 [INFO] from application in application-akka.actor.default-dispatcher-7 - Shutting down connection pool.
2019-12-12 11:18:58,545 [INFO] from play.api.db.DefaultDBApi in play-dev-mode-akka.actor.default-dispatcher-28 - Database [default] initialized at jdbc:postgresql://127.0.0.1/restomatic
2019-12-12 11:18:58,545 [INFO] from application in play-dev-mode-akka.actor.default-dispatcher-28 - Creating Pool for datasource 'default'
2019-12-12 11:18:58,630 [INFO] from play.api.http.EnabledFilters in play-dev-mode-akka.actor.default-dispatcher-28 - Enabled Filters (see <https://www.playframework.com/documentation/latest/Filters>):


2019-12-12 11:18:58,700 [INFO] from play.api.Play in play-dev-mode-akka.actor.default-dispatcher-28 - Application started (Dev) (no global state)
2019-12-12 11:20:35,546 [INFO] from application in application-akka.actor.default-dispatcher-8 - Shutting down connection pool.
2019-12-12 11:20:35,678 [INFO] from play.api.db.DefaultDBApi in play-dev-mode-akka.actor.default-dispatcher-29 - Database [default] initialized at jdbc:postgresql://127.0.0.1/restomatic
2019-12-12 11:20:35,678 [INFO] from application in play-dev-mode-akka.actor.default-dispatcher-29 - Creating Pool for datasource 'default'
2019-12-12 11:20:35,788 [INFO] from play.api.http.EnabledFilters in play-dev-mode-akka.actor.default-dispatcher-29 - Enabled Filters (see <https://www.playframework.com/documentation/latest/Filters>):


2019-12-12 11:20:35,854 [INFO] from play.api.Play in play-dev-mode-akka.actor.default-dispatcher-29 - Application started (Dev) (no global state)
2019-12-12 11:21:31,415 [INFO] from play.core.server.AkkaHttpServer in pool-12-thread-6 - Stopping server...
2019-12-12 11:21:31,419 [INFO] from application in application-akka.actor.default-dispatcher-2 - Shutting down connection pool.
